[2025-06-02 01:14:40.143] [blockchain] [info] Logging system initialized
[2025-06-02 01:14:40.143] [blockchain] [info] Node Configuration:
[2025-06-02 01:14:40.143] [blockchain] [info]   Blockchain file: blockchain.json
[2025-06-02 01:14:40.143] [blockchain] [info]   P2P TCP Port: 8333
[2025-06-02 01:14:40.143] [blockchain] [info]   P2P UDP Port: 8334
[2025-06-02 01:14:40.143] [blockchain] [info]   REST API Port: 8080
[2025-06-02 01:14:40.143] [blockchain] [info]   Mining Reward: 50 coins
[2025-06-02 01:14:40.143] [blockchain] [info]   Block Time Target: 10 seconds
[2025-06-02 01:14:40.143] [blockchain] [info] Initializing blockchain node components...
[2025-06-02 01:14:40.143] [blockchain] [debug] Transaction pool initialized with max size: 1000
[2025-06-02 01:14:40.143] [blockchain] [debug] OpenSSL initialized
[2025-06-02 01:14:40.143] [blockchain] [info] Created genesis block
[2025-06-02 01:14:40.143] [blockchain] [info] Blockchain initialized with genesis block
[2025-06-02 01:14:40.143] [blockchain] [info] Blockchain file blockchain.json does not exist
[2025-06-02 01:14:40.143] [blockchain] [info] Created new blockchain with genesis block
[2025-06-02 01:14:40.144] [blockchain] [info] P2P Network initialized - Node ID: 1a51ade9b40e0e173f2bef10b4dd9e0b, TCP: 8333, UDP: 8334
[2025-06-02 01:14:40.144] [blockchain] [debug] API routes configured
[2025-06-02 01:14:40.144] [blockchain] [info] REST API Server initialized on port 8080
[2025-06-02 01:14:40.144] [blockchain] [debug] Blockchain reference set for REST API Server
[2025-06-02 01:14:40.144] [blockchain] [debug] P2P Network reference set for REST API Server
[2025-06-02 01:14:40.144] [blockchain] [info] Starting blockchain node services...
[2025-06-02 01:14:40.144] [blockchain] [info] P2P Network started successfully
[2025-06-02 01:14:40.144] [blockchain] [info] P2P network started successfully
[2025-06-02 01:14:40.144] [blockchain] [info] Starting REST API Server on port 8080
[2025-06-02 01:14:40.245] [blockchain] [info] REST API Server started successfully
[2025-06-02 01:14:40.245] [blockchain] [info] REST API server started successfully
[2025-06-02 01:14:40.245] [blockchain] [debug] Failed to send UDP message: send_to: Permission denied
[2025-06-02 01:14:40.245] [blockchain] [debug] Peer discovery message broadcasted
[2025-06-02 01:14:40.245] [blockchain] [info] Peer discovery initiated
[2025-06-02 01:14:40.245] [blockchain] [info] Blockchain node is running. Press Ctrl+C to stop.
[2025-06-02 01:15:30.696] [blockchain] [info] Received signal 2, initiating shutdown...
[2025-06-02 01:15:30.698] [blockchain] [info] REST API Server stopped
[2025-06-02 01:15:30.705] [blockchain] [info] Received signal 15, initiating shutdown...
[2025-06-02 01:15:30.705] [blockchain] [info] Shutdown complete
[2025-06-02 01:15:31.991] [blockchain] [info] Logging system initialized
[2025-06-02 01:15:31.991] [blockchain] [info] Node Configuration:
[2025-06-02 01:15:31.991] [blockchain] [info]   Blockchain file: blockchain.json
[2025-06-02 01:15:31.991] [blockchain] [info]   P2P TCP Port: 8333
[2025-06-02 01:15:31.991] [blockchain] [info]   P2P UDP Port: 8334
[2025-06-02 01:15:31.991] [blockchain] [info]   REST API Port: 8080
[2025-06-02 01:15:31.991] [blockchain] [info]   Mining Reward: 50 coins
[2025-06-02 01:15:31.991] [blockchain] [info]   Block Time Target: 10 seconds
[2025-06-02 01:15:31.991] [blockchain] [info] Initializing blockchain node components...
[2025-06-02 01:15:31.991] [blockchain] [debug] Transaction pool initialized with max size: 1000
[2025-06-02 01:15:31.991] [blockchain] [debug] OpenSSL initialized
[2025-06-02 01:15:31.992] [blockchain] [info] Created genesis block
[2025-06-02 01:15:31.992] [blockchain] [info] Blockchain initialized with genesis block
[2025-06-02 01:15:31.992] [blockchain] [info] Blockchain file blockchain.json does not exist
[2025-06-02 01:15:31.992] [blockchain] [info] Created new blockchain with genesis block
[2025-06-02 01:15:31.993] [blockchain] [info] P2P Network initialized - Node ID: 6036ea401334b2c94fb830aba0e9e5d8, TCP: 8333, UDP: 8334
[2025-06-02 01:15:31.993] [blockchain] [debug] API routes configured
[2025-06-02 01:15:31.993] [blockchain] [info] REST API Server initialized on port 8080
[2025-06-02 01:15:31.993] [blockchain] [debug] Blockchain reference set for REST API Server
[2025-06-02 01:15:31.993] [blockchain] [debug] P2P Network reference set for REST API Server
[2025-06-02 01:15:31.993] [blockchain] [info] Starting blockchain node services...
[2025-06-02 01:15:31.993] [blockchain] [info] P2P Network started successfully
[2025-06-02 01:15:31.993] [blockchain] [info] P2P network started successfully
[2025-06-02 01:15:31.993] [blockchain] [info] Starting REST API Server on port 8080
[2025-06-02 01:15:32.093] [blockchain] [info] REST API Server started successfully
[2025-06-02 01:15:32.093] [blockchain] [info] REST API server started successfully
[2025-06-02 01:15:32.094] [blockchain] [debug] Failed to send UDP message: send_to: Permission denied
[2025-06-02 01:15:32.094] [blockchain] [debug] Peer discovery message broadcasted
[2025-06-02 01:15:32.094] [blockchain] [info] Peer discovery initiated
[2025-06-02 01:15:32.094] [blockchain] [info] Blockchain node is running. Press Ctrl+C to stop.
[2025-06-02 01:16:32.100] [blockchain] [info] Node Status - Height: 1, Peers: 0, Mempool: 0
[2025-06-02 01:17:32.108] [blockchain] [info] Node Status - Height: 1, Peers: 0, Mempool: 0
[2025-06-02 01:18:32.114] [blockchain] [info] Node Status - Height: 1, Peers: 0, Mempool: 0
[2025-06-02 01:19:32.120] [blockchain] [info] Node Status - Height: 1, Peers: 0, Mempool: 0
[2025-06-02 01:20:01.604] [blockchain] [info] Received signal 2, initiating shutdown...
[2025-06-02 01:20:01.606] [blockchain] [info] REST API Server stopped
[2025-06-02 01:20:01.612] [blockchain] [info] Received signal 15, initiating shutdown...
[2025-06-02 01:20:01.612] [blockchain] [info] Shutdown complete
[2025-06-02 01:20:24.096] [blockchain] [info] Logging system initialized
[2025-06-02 01:20:24.096] [blockchain] [info] Node Configuration:
[2025-06-02 01:20:24.096] [blockchain] [info]   Blockchain file: blockchain.json
[2025-06-02 01:20:24.096] [blockchain] [info]   P2P TCP Port: 8333
[2025-06-02 01:20:24.096] [blockchain] [info]   P2P UDP Port: 8334
[2025-06-02 01:20:24.096] [blockchain] [info]   REST API Port: 8080
[2025-06-02 01:20:24.096] [blockchain] [info]   Mining Reward: 50 coins
[2025-06-02 01:20:24.096] [blockchain] [info]   Block Time Target: 10 seconds
[2025-06-02 01:20:24.096] [blockchain] [info] Initializing blockchain node components...
[2025-06-02 01:20:24.096] [blockchain] [debug] Transaction pool initialized with max size: 1000
[2025-06-02 01:20:24.096] [blockchain] [debug] OpenSSL initialized
[2025-06-02 01:20:24.096] [blockchain] [info] Created genesis block
[2025-06-02 01:20:24.096] [blockchain] [info] Blockchain initialized with genesis block
[2025-06-02 01:20:24.096] [blockchain] [info] Blockchain file blockchain.json does not exist
[2025-06-02 01:20:24.096] [blockchain] [info] Created new blockchain with genesis block
[2025-06-02 01:20:24.097] [blockchain] [info] P2P Network initialized - Node ID: a24ecd6c2dad193ac3d9cd7d7a39f7f4, TCP: 8333, UDP: 8334
[2025-06-02 01:20:24.097] [blockchain] [debug] API routes configured
[2025-06-02 01:20:24.097] [blockchain] [info] REST API Server initialized on port 8080
[2025-06-02 01:20:24.097] [blockchain] [debug] Blockchain reference set for REST API Server
[2025-06-02 01:20:24.097] [blockchain] [debug] P2P Network reference set for REST API Server
[2025-06-02 01:20:24.097] [blockchain] [info] Starting blockchain node services...
[2025-06-02 01:20:24.097] [blockchain] [info] P2P Network started successfully
[2025-06-02 01:20:24.097] [blockchain] [info] P2P network started successfully
[2025-06-02 01:20:24.097] [blockchain] [info] Starting REST API Server on port 8080
[2025-06-02 01:20:24.197] [blockchain] [info] REST API Server started successfully
[2025-06-02 01:20:24.197] [blockchain] [info] REST API server started successfully
[2025-06-02 01:20:24.198] [blockchain] [debug] Failed to send UDP message: send_to: Permission denied
[2025-06-02 01:20:24.198] [blockchain] [debug] Peer discovery message broadcasted
[2025-06-02 01:20:24.198] [blockchain] [info] Peer discovery initiated
[2025-06-02 01:20:24.198] [blockchain] [info] Blockchain node is running. Press Ctrl+C to stop.
[2025-06-02 01:21:24.205] [blockchain] [info] Node Status - Height: 1, Peers: 0, Mempool: 0
[2025-06-02 01:22:24.212] [blockchain] [info] Node Status - Height: 1, Peers: 0, Mempool: 0
[2025-06-02 01:23:24.220] [blockchain] [info] Node Status - Height: 1, Peers: 0, Mempool: 0
[2025-06-02 01:24:24.226] [blockchain] [info] Node Status - Height: 1, Peers: 0, Mempool: 0
[2025-06-02 01:25:24.234] [blockchain] [debug] Blockchain saved to file
[2025-06-02 01:25:24.234] [blockchain] [info] Node Status - Height: 1, Peers: 0, Mempool: 0
[2025-06-02 01:26:24.241] [blockchain] [info] Node Status - Height: 1, Peers: 0, Mempool: 0
[2025-06-02 01:27:24.247] [blockchain] [info] Node Status - Height: 1, Peers: 0, Mempool: 0
[2025-06-02 01:28:24.252] [blockchain] [info] Node Status - Height: 1, Peers: 0, Mempool: 0
[2025-06-02 01:29:24.259] [blockchain] [info] Node Status - Height: 1, Peers: 0, Mempool: 0
[2025-06-02 01:30:24.267] [blockchain] [debug] Blockchain saved to file
[2025-06-02 01:30:24.267] [blockchain] [info] Node Status - Height: 1, Peers: 0, Mempool: 0
[2025-06-02 01:31:24.273] [blockchain] [info] Node Status - Height: 1, Peers: 0, Mempool: 0
[2025-06-02 01:32:24.280] [blockchain] [info] Node Status - Height: 1, Peers: 0, Mempool: 0
[2025-06-02 01:33:24.288] [blockchain] [info] Node Status - Height: 1, Peers: 0, Mempool: 0
[2025-06-02 01:34:24.294] [blockchain] [info] Node Status - Height: 1, Peers: 0, Mempool: 0
[2025-06-02 01:35:24.301] [blockchain] [debug] Blockchain saved to file
[2025-06-02 01:35:24.301] [blockchain] [info] Node Status - Height: 1, Peers: 0, Mempool: 0
[2025-06-02 01:36:24.309] [blockchain] [info] Node Status - Height: 1, Peers: 0, Mempool: 0
[2025-06-02 01:37:24.316] [blockchain] [info] Node Status - Height: 1, Peers: 0, Mempool: 0
[2025-06-02 01:38:24.323] [blockchain] [info] Node Status - Height: 1, Peers: 0, Mempool: 0
[2025-06-02 01:39:24.331] [blockchain] [info] Node Status - Height: 1, Peers: 0, Mempool: 0
[2025-06-02 01:40:24.339] [blockchain] [debug] Blockchain saved to file
[2025-06-02 01:40:24.339] [blockchain] [info] Node Status - Height: 1, Peers: 0, Mempool: 0
[2025-06-02 01:41:24.345] [blockchain] [info] Node Status - Height: 1, Peers: 0, Mempool: 0
[2025-06-02 01:42:24.350] [blockchain] [info] Node Status - Height: 1, Peers: 0, Mempool: 0
[2025-06-02 01:43:24.356] [blockchain] [info] Node Status - Height: 1, Peers: 0, Mempool: 0
[2025-06-02 01:44:24.362] [blockchain] [info] Node Status - Height: 1, Peers: 0, Mempool: 0
[2025-06-02 01:45:24.369] [blockchain] [debug] Blockchain saved to file
[2025-06-02 01:45:24.369] [blockchain] [info] Node Status - Height: 1, Peers: 0, Mempool: 0
[2025-06-02 01:46:24.376] [blockchain] [info] Node Status - Height: 1, Peers: 0, Mempool: 0
[2025-06-02 01:47:24.384] [blockchain] [info] Node Status - Height: 1, Peers: 0, Mempool: 0
[2025-06-02 01:48:24.391] [blockchain] [info] Node Status - Height: 1, Peers: 0, Mempool: 0
[2025-06-02 01:49:24.397] [blockchain] [info] Node Status - Height: 1, Peers: 0, Mempool: 0
[2025-06-02 01:50:24.404] [blockchain] [debug] Blockchain saved to file
[2025-06-02 01:50:24.404] [blockchain] [info] Node Status - Height: 1, Peers: 0, Mempool: 0
[2025-06-02 01:51:24.409] [blockchain] [info] Node Status - Height: 1, Peers: 0, Mempool: 0
[2025-06-02 01:52:24.417] [blockchain] [info] Node Status - Height: 1, Peers: 0, Mempool: 0
[2025-06-02 01:53:24.424] [blockchain] [info] Node Status - Height: 1, Peers: 0, Mempool: 0
[2025-06-02 01:54:24.431] [blockchain] [info] Node Status - Height: 1, Peers: 0, Mempool: 0
[2025-06-02 01:55:24.437] [blockchain] [debug] Blockchain saved to file
[2025-06-02 01:55:24.437] [blockchain] [info] Node Status - Height: 1, Peers: 0, Mempool: 0
[2025-06-02 01:56:24.443] [blockchain] [info] Node Status - Height: 1, Peers: 0, Mempool: 0
[2025-06-02 01:57:24.451] [blockchain] [info] Node Status - Height: 1, Peers: 0, Mempool: 0
[2025-06-02 01:58:24.459] [blockchain] [info] Node Status - Height: 1, Peers: 0, Mempool: 0
[2025-06-02 01:59:24.467] [blockchain] [info] Node Status - Height: 1, Peers: 0, Mempool: 0
[2025-06-02 02:00:24.476] [blockchain] [debug] Blockchain saved to file
[2025-06-02 02:00:24.476] [blockchain] [info] Node Status - Height: 1, Peers: 0, Mempool: 0
[2025-06-02 02:01:24.483] [blockchain] [info] Node Status - Height: 1, Peers: 0, Mempool: 0
[2025-06-02 02:02:24.490] [blockchain] [info] Node Status - Height: 1, Peers: 0, Mempool: 0
[2025-06-02 02:03:24.497] [blockchain] [info] Node Status - Height: 1, Peers: 0, Mempool: 0
[2025-06-02 02:04:24.503] [blockchain] [info] Node Status - Height: 1, Peers: 0, Mempool: 0
[2025-06-02 02:05:24.513] [blockchain] [debug] Blockchain saved to file
[2025-06-02 02:05:24.513] [blockchain] [info] Node Status - Height: 1, Peers: 0, Mempool: 0
[2025-06-02 02:06:24.525] [blockchain] [info] Node Status - Height: 1, Peers: 0, Mempool: 0
[2025-06-02 02:07:24.533] [blockchain] [info] Node Status - Height: 1, Peers: 0, Mempool: 0
[2025-06-02 02:08:24.540] [blockchain] [info] Node Status - Height: 1, Peers: 0, Mempool: 0
[2025-06-02 02:09:24.547] [blockchain] [info] Node Status - Height: 1, Peers: 0, Mempool: 0
[2025-06-02 02:10:24.555] [blockchain] [debug] Blockchain saved to file
[2025-06-02 02:10:24.555] [blockchain] [info] Node Status - Height: 1, Peers: 0, Mempool: 0
[2025-06-02 02:11:24.562] [blockchain] [info] Node Status - Height: 1, Peers: 0, Mempool: 0
[2025-06-02 02:12:24.568] [blockchain] [info] Node Status - Height: 1, Peers: 0, Mempool: 0
[2025-06-02 02:13:24.575] [blockchain] [info] Node Status - Height: 1, Peers: 0, Mempool: 0
[2025-06-02 02:14:24.581] [blockchain] [info] Node Status - Height: 1, Peers: 0, Mempool: 0
[2025-06-02 02:15:24.587] [blockchain] [debug] Blockchain saved to file
[2025-06-02 02:15:24.587] [blockchain] [info] Node Status - Height: 1, Peers: 0, Mempool: 0
[2025-06-02 02:16:24.591] [blockchain] [info] Node Status - Height: 1, Peers: 0, Mempool: 0
[2025-06-02 02:17:24.597] [blockchain] [info] Node Status - Height: 1, Peers: 0, Mempool: 0
[2025-06-02 02:18:24.604] [blockchain] [info] Node Status - Height: 1, Peers: 0, Mempool: 0
[2025-06-02 02:19:24.610] [blockchain] [info] Node Status - Height: 1, Peers: 0, Mempool: 0
[2025-06-02 02:20:24.618] [blockchain] [debug] Blockchain saved to file
[2025-06-02 02:20:24.618] [blockchain] [info] Node Status - Height: 1, Peers: 0, Mempool: 0
[2025-06-02 02:21:24.629] [blockchain] [info] Node Status - Height: 1, Peers: 0, Mempool: 0
[2025-06-02 02:22:24.638] [blockchain] [info] Node Status - Height: 1, Peers: 0, Mempool: 0
[2025-06-02 02:23:24.647] [blockchain] [info] Node Status - Height: 1, Peers: 0, Mempool: 0
[2025-06-02 02:24:24.655] [blockchain] [info] Node Status - Height: 1, Peers: 0, Mempool: 0
[2025-06-02 02:25:24.663] [blockchain] [debug] Blockchain saved to file
[2025-06-02 02:25:24.663] [blockchain] [info] Node Status - Height: 1, Peers: 0, Mempool: 0
[2025-06-02 02:26:24.671] [blockchain] [info] Node Status - Height: 1, Peers: 0, Mempool: 0
[2025-06-02 02:27:24.679] [blockchain] [info] Node Status - Height: 1, Peers: 0, Mempool: 0
[2025-06-02 02:28:24.686] [blockchain] [info] Node Status - Height: 1, Peers: 0, Mempool: 0
[2025-06-02 02:29:24.694] [blockchain] [info] Node Status - Height: 1, Peers: 0, Mempool: 0
[2025-06-02 02:30:24.703] [blockchain] [debug] Blockchain saved to file
[2025-06-02 02:30:24.703] [blockchain] [info] Node Status - Height: 1, Peers: 0, Mempool: 0
[2025-06-02 02:31:24.708] [blockchain] [info] Node Status - Height: 1, Peers: 0, Mempool: 0
[2025-06-02 02:32:24.716] [blockchain] [info] Node Status - Height: 1, Peers: 0, Mempool: 0
[2025-06-02 02:33:24.723] [blockchain] [info] Node Status - Height: 1, Peers: 0, Mempool: 0
[2025-06-02 02:34:24.730] [blockchain] [info] Node Status - Height: 1, Peers: 0, Mempool: 0
[2025-06-02 02:35:24.737] [blockchain] [debug] Blockchain saved to file
[2025-06-02 02:35:24.737] [blockchain] [info] Node Status - Height: 1, Peers: 0, Mempool: 0
[2025-06-02 02:36:24.743] [blockchain] [info] Node Status - Height: 1, Peers: 0, Mempool: 0
[2025-06-02 02:37:24.751] [blockchain] [info] Node Status - Height: 1, Peers: 0, Mempool: 0
[2025-06-02 02:38:24.758] [blockchain] [info] Node Status - Height: 1, Peers: 0, Mempool: 0
[2025-06-02 02:39:24.765] [blockchain] [info] Node Status - Height: 1, Peers: 0, Mempool: 0
[2025-06-02 02:40:24.774] [blockchain] [debug] Blockchain saved to file
[2025-06-02 02:40:24.774] [blockchain] [info] Node Status - Height: 1, Peers: 0, Mempool: 0
[2025-06-02 02:41:24.781] [blockchain] [info] Node Status - Height: 1, Peers: 0, Mempool: 0
[2025-06-02 02:42:24.788] [blockchain] [info] Node Status - Height: 1, Peers: 0, Mempool: 0
[2025-06-02 02:43:24.795] [blockchain] [info] Node Status - Height: 1, Peers: 0, Mempool: 0
[2025-06-02 02:44:24.802] [blockchain] [info] Node Status - Height: 1, Peers: 0, Mempool: 0
[2025-06-02 02:45:24.809] [blockchain] [debug] Blockchain saved to file
[2025-06-02 02:45:24.809] [blockchain] [info] Node Status - Height: 1, Peers: 0, Mempool: 0
[2025-06-02 02:46:24.813] [blockchain] [info] Node Status - Height: 1, Peers: 0, Mempool: 0
[2025-06-02 02:47:24.820] [blockchain] [info] Node Status - Height: 1, Peers: 0, Mempool: 0
[2025-06-02 02:48:24.828] [blockchain] [info] Node Status - Height: 1, Peers: 0, Mempool: 0
[2025-06-02 02:49:24.835] [blockchain] [info] Node Status - Height: 1, Peers: 0, Mempool: 0
[2025-06-02 02:50:24.843] [blockchain] [debug] Blockchain saved to file
[2025-06-02 02:50:24.843] [blockchain] [info] Node Status - Height: 1, Peers: 0, Mempool: 0
[2025-06-02 02:51:24.851] [blockchain] [info] Node Status - Height: 1, Peers: 0, Mempool: 0
[2025-06-02 02:52:24.859] [blockchain] [info] Node Status - Height: 1, Peers: 0, Mempool: 0
[2025-06-02 02:53:24.866] [blockchain] [info] Node Status - Height: 1, Peers: 0, Mempool: 0
[2025-06-02 02:54:24.873] [blockchain] [info] Node Status - Height: 1, Peers: 0, Mempool: 0
[2025-06-02 02:55:24.880] [blockchain] [debug] Blockchain saved to file
[2025-06-02 02:55:24.880] [blockchain] [info] Node Status - Height: 1, Peers: 0, Mempool: 0
[2025-06-02 02:56:24.887] [blockchain] [info] Node Status - Height: 1, Peers: 0, Mempool: 0
[2025-06-02 02:57:24.894] [blockchain] [info] Node Status - Height: 1, Peers: 0, Mempool: 0
[2025-06-02 02:58:24.901] [blockchain] [info] Node Status - Height: 1, Peers: 0, Mempool: 0
[2025-06-02 02:59:24.908] [blockchain] [info] Node Status - Height: 1, Peers: 0, Mempool: 0
[2025-06-02 03:00:24.916] [blockchain] [debug] Blockchain saved to file
[2025-06-02 03:00:24.916] [blockchain] [info] Node Status - Height: 1, Peers: 0, Mempool: 0
[2025-06-02 03:01:24.924] [blockchain] [info] Node Status - Height: 1, Peers: 0, Mempool: 0
[2025-06-02 03:02:24.930] [blockchain] [info] Node Status - Height: 1, Peers: 0, Mempool: 0
[2025-06-02 03:03:24.937] [blockchain] [info] Node Status - Height: 1, Peers: 0, Mempool: 0
[2025-06-02 03:04:24.944] [blockchain] [info] Node Status - Height: 1, Peers: 0, Mempool: 0
[2025-06-02 03:05:24.953] [blockchain] [debug] Blockchain saved to file
[2025-06-02 03:05:24.953] [blockchain] [info] Node Status - Height: 1, Peers: 0, Mempool: 0
[2025-06-02 03:06:24.961] [blockchain] [info] Node Status - Height: 1, Peers: 0, Mempool: 0
[2025-06-02 03:07:24.967] [blockchain] [info] Node Status - Height: 1, Peers: 0, Mempool: 0
[2025-06-02 03:08:24.975] [blockchain] [info] Node Status - Height: 1, Peers: 0, Mempool: 0
[2025-06-02 03:09:24.981] [blockchain] [info] Node Status - Height: 1, Peers: 0, Mempool: 0
[2025-06-02 03:10:24.990] [blockchain] [debug] Blockchain saved to file
[2025-06-02 03:10:24.990] [blockchain] [info] Node Status - Height: 1, Peers: 0, Mempool: 0
[2025-06-02 03:11:24.997] [blockchain] [info] Node Status - Height: 1, Peers: 0, Mempool: 0
[2025-06-02 03:12:25.004] [blockchain] [info] Node Status - Height: 1, Peers: 0, Mempool: 0
[2025-06-02 03:13:25.011] [blockchain] [info] Node Status - Height: 1, Peers: 0, Mempool: 0
[2025-06-02 03:14:25.018] [blockchain] [info] Node Status - Height: 1, Peers: 0, Mempool: 0
[2025-06-02 03:15:25.026] [blockchain] [debug] Blockchain saved to file
[2025-06-02 03:15:25.026] [blockchain] [info] Node Status - Height: 1, Peers: 0, Mempool: 0
[2025-06-02 03:16:25.033] [blockchain] [info] Node Status - Height: 1, Peers: 0, Mempool: 0
[2025-06-02 03:17:25.041] [blockchain] [info] Node Status - Height: 1, Peers: 0, Mempool: 0
[2025-06-02 03:18:25.048] [blockchain] [info] Node Status - Height: 1, Peers: 0, Mempool: 0
[2025-06-02 03:19:25.055] [blockchain] [info] Node Status - Height: 1, Peers: 0, Mempool: 0
[2025-06-02 03:20:25.062] [blockchain] [debug] Blockchain saved to file
[2025-06-02 03:20:25.062] [blockchain] [info] Node Status - Height: 1, Peers: 0, Mempool: 0
[2025-06-02 03:21:25.070] [blockchain] [info] Node Status - Height: 1, Peers: 0, Mempool: 0
[2025-06-02 03:22:25.078] [blockchain] [info] Node Status - Height: 1, Peers: 0, Mempool: 0
[2025-06-02 03:23:25.084] [blockchain] [info] Node Status - Height: 1, Peers: 0, Mempool: 0
[2025-06-02 03:24:25.091] [blockchain] [info] Node Status - Height: 1, Peers: 0, Mempool: 0
[2025-06-02 03:25:25.098] [blockchain] [debug] Blockchain saved to file
[2025-06-02 03:25:25.098] [blockchain] [info] Node Status - Height: 1, Peers: 0, Mempool: 0
[2025-06-02 03:26:25.105] [blockchain] [info] Node Status - Height: 1, Peers: 0, Mempool: 0
[2025-06-02 03:27:25.112] [blockchain] [info] Node Status - Height: 1, Peers: 0, Mempool: 0
[2025-06-02 03:28:25.119] [blockchain] [info] Node Status - Height: 1, Peers: 0, Mempool: 0
[2025-06-02 03:29:25.127] [blockchain] [info] Node Status - Height: 1, Peers: 0, Mempool: 0
[2025-06-02 03:30:25.134] [blockchain] [debug] Blockchain saved to file
[2025-06-02 03:30:25.134] [blockchain] [info] Node Status - Height: 1, Peers: 0, Mempool: 0
[2025-06-02 03:31:25.141] [blockchain] [info] Node Status - Height: 1, Peers: 0, Mempool: 0
[2025-06-02 03:32:25.149] [blockchain] [info] Node Status - Height: 1, Peers: 0, Mempool: 0
[2025-06-02 03:33:25.155] [blockchain] [info] Node Status - Height: 1, Peers: 0, Mempool: 0
[2025-06-02 03:34:25.161] [blockchain] [info] Node Status - Height: 1, Peers: 0, Mempool: 0
[2025-06-02 03:35:25.168] [blockchain] [debug] Blockchain saved to file
[2025-06-02 03:35:25.168] [blockchain] [info] Node Status - Height: 1, Peers: 0, Mempool: 0
[2025-06-02 03:36:25.175] [blockchain] [info] Node Status - Height: 1, Peers: 0, Mempool: 0
[2025-06-02 03:37:25.183] [blockchain] [info] Node Status - Height: 1, Peers: 0, Mempool: 0
[2025-06-02 03:38:25.189] [blockchain] [info] Node Status - Height: 1, Peers: 0, Mempool: 0
[2025-06-02 03:39:25.197] [blockchain] [info] Node Status - Height: 1, Peers: 0, Mempool: 0
[2025-06-02 03:40:25.205] [blockchain] [debug] Blockchain saved to file
[2025-06-02 03:40:25.205] [blockchain] [info] Node Status - Height: 1, Peers: 0, Mempool: 0
[2025-06-02 03:41:25.213] [blockchain] [info] Node Status - Height: 1, Peers: 0, Mempool: 0
[2025-06-02 03:42:25.221] [blockchain] [info] Node Status - Height: 1, Peers: 0, Mempool: 0
[2025-06-02 03:43:25.228] [blockchain] [info] Node Status - Height: 1, Peers: 0, Mempool: 0
[2025-06-02 03:44:25.236] [blockchain] [info] Node Status - Height: 1, Peers: 0, Mempool: 0
[2025-06-02 03:45:25.243] [blockchain] [debug] Blockchain saved to file
[2025-06-02 03:45:25.243] [blockchain] [info] Node Status - Height: 1, Peers: 0, Mempool: 0
[2025-06-02 03:46:25.251] [blockchain] [info] Node Status - Height: 1, Peers: 0, Mempool: 0
[2025-06-02 03:47:25.259] [blockchain] [info] Node Status - Height: 1, Peers: 0, Mempool: 0
[2025-06-02 03:48:25.267] [blockchain] [info] Node Status - Height: 1, Peers: 0, Mempool: 0
[2025-06-02 03:49:25.274] [blockchain] [info] Node Status - Height: 1, Peers: 0, Mempool: 0
[2025-06-02 03:50:25.281] [blockchain] [debug] Blockchain saved to file
[2025-06-02 03:50:25.281] [blockchain] [info] Node Status - Height: 1, Peers: 0, Mempool: 0
[2025-06-02 03:51:25.288] [blockchain] [info] Node Status - Height: 1, Peers: 0, Mempool: 0
[2025-06-02 03:52:25.295] [blockchain] [info] Node Status - Height: 1, Peers: 0, Mempool: 0
[2025-06-02 03:53:25.302] [blockchain] [info] Node Status - Height: 1, Peers: 0, Mempool: 0
[2025-06-02 03:54:25.309] [blockchain] [info] Node Status - Height: 1, Peers: 0, Mempool: 0
[2025-06-02 03:55:25.316] [blockchain] [debug] Blockchain saved to file
[2025-06-02 03:55:25.316] [blockchain] [info] Node Status - Height: 1, Peers: 0, Mempool: 0
[2025-06-02 03:56:25.324] [blockchain] [info] Node Status - Height: 1, Peers: 0, Mempool: 0
[2025-06-02 03:57:25.331] [blockchain] [info] Node Status - Height: 1, Peers: 0, Mempool: 0
[2025-06-02 03:58:25.339] [blockchain] [info] Node Status - Height: 1, Peers: 0, Mempool: 0
[2025-06-02 03:59:25.346] [blockchain] [info] Node Status - Height: 1, Peers: 0, Mempool: 0
[2025-06-02 04:00:25.354] [blockchain] [debug] Blockchain saved to file
[2025-06-02 04:00:25.354] [blockchain] [info] Node Status - Height: 1, Peers: 0, Mempool: 0
[2025-06-02 04:01:25.361] [blockchain] [info] Node Status - Height: 1, Peers: 0, Mempool: 0
[2025-06-02 04:02:25.369] [blockchain] [info] Node Status - Height: 1, Peers: 0, Mempool: 0
[2025-06-02 04:03:25.377] [blockchain] [info] Node Status - Height: 1, Peers: 0, Mempool: 0
[2025-06-02 04:04:25.384] [blockchain] [info] Node Status - Height: 1, Peers: 0, Mempool: 0
[2025-06-02 04:05:25.391] [blockchain] [debug] Blockchain saved to file
[2025-06-02 04:05:25.391] [blockchain] [info] Node Status - Height: 1, Peers: 0, Mempool: 0
[2025-06-02 04:06:25.397] [blockchain] [info] Node Status - Height: 1, Peers: 0, Mempool: 0
[2025-06-02 04:07:25.404] [blockchain] [info] Node Status - Height: 1, Peers: 0, Mempool: 0
[2025-06-02 04:08:25.412] [blockchain] [info] Node Status - Height: 1, Peers: 0, Mempool: 0
[2025-06-02 04:09:25.420] [blockchain] [info] Node Status - Height: 1, Peers: 0, Mempool: 0
[2025-06-02 04:10:25.427] [blockchain] [debug] Blockchain saved to file
[2025-06-02 04:10:25.427] [blockchain] [info] Node Status - Height: 1, Peers: 0, Mempool: 0
[2025-06-02 04:11:25.434] [blockchain] [info] Node Status - Height: 1, Peers: 0, Mempool: 0
[2025-06-02 04:12:25.441] [blockchain] [info] Node Status - Height: 1, Peers: 0, Mempool: 0
[2025-06-02 04:13:25.448] [blockchain] [info] Node Status - Height: 1, Peers: 0, Mempool: 0
[2025-06-02 04:14:25.455] [blockchain] [info] Node Status - Height: 1, Peers: 0, Mempool: 0
[2025-06-02 04:15:25.463] [blockchain] [debug] Blockchain saved to file
[2025-06-02 04:15:25.463] [blockchain] [info] Node Status - Height: 1, Peers: 0, Mempool: 0
[2025-06-02 04:16:25.471] [blockchain] [info] Node Status - Height: 1, Peers: 0, Mempool: 0
[2025-06-02 04:17:25.477] [blockchain] [info] Node Status - Height: 1, Peers: 0, Mempool: 0
[2025-06-02 04:18:25.483] [blockchain] [info] Node Status - Height: 1, Peers: 0, Mempool: 0
[2025-06-02 04:19:25.490] [blockchain] [info] Node Status - Height: 1, Peers: 0, Mempool: 0
[2025-06-02 04:20:25.498] [blockchain] [debug] Blockchain saved to file
[2025-06-02 04:20:25.498] [blockchain] [info] Node Status - Height: 1, Peers: 0, Mempool: 0
[2025-06-02 04:21:25.505] [blockchain] [info] Node Status - Height: 1, Peers: 0, Mempool: 0
[2025-06-02 04:22:25.513] [blockchain] [info] Node Status - Height: 1, Peers: 0, Mempool: 0
[2025-06-02 04:23:25.519] [blockchain] [info] Node Status - Height: 1, Peers: 0, Mempool: 0
[2025-06-02 04:24:25.525] [blockchain] [info] Node Status - Height: 1, Peers: 0, Mempool: 0
[2025-06-02 04:25:25.531] [blockchain] [debug] Blockchain saved to file
[2025-06-02 04:25:25.531] [blockchain] [info] Node Status - Height: 1, Peers: 0, Mempool: 0
[2025-06-02 04:26:25.538] [blockchain] [info] Node Status - Height: 1, Peers: 0, Mempool: 0
[2025-06-02 04:27:25.546] [blockchain] [info] Node Status - Height: 1, Peers: 0, Mempool: 0
[2025-06-02 04:28:25.553] [blockchain] [info] Node Status - Height: 1, Peers: 0, Mempool: 0
[2025-06-02 04:29:25.561] [blockchain] [info] Node Status - Height: 1, Peers: 0, Mempool: 0
[2025-06-02 04:30:25.568] [blockchain] [debug] Blockchain saved to file
[2025-06-02 04:30:25.568] [blockchain] [info] Node Status - Height: 1, Peers: 0, Mempool: 0
[2025-06-02 04:31:25.575] [blockchain] [info] Node Status - Height: 1, Peers: 0, Mempool: 0
[2025-06-02 04:32:25.583] [blockchain] [info] Node Status - Height: 1, Peers: 0, Mempool: 0
[2025-06-02 04:33:25.590] [blockchain] [info] Node Status - Height: 1, Peers: 0, Mempool: 0
[2025-06-02 04:34:25.597] [blockchain] [info] Node Status - Height: 1, Peers: 0, Mempool: 0
[2025-06-02 04:35:25.604] [blockchain] [debug] Blockchain saved to file
[2025-06-02 04:35:25.604] [blockchain] [info] Node Status - Height: 1, Peers: 0, Mempool: 0
[2025-06-02 04:36:25.611] [blockchain] [info] Node Status - Height: 1, Peers: 0, Mempool: 0
[2025-06-02 04:37:25.618] [blockchain] [info] Node Status - Height: 1, Peers: 0, Mempool: 0
[2025-06-02 04:38:25.627] [blockchain] [info] Node Status - Height: 1, Peers: 0, Mempool: 0
[2025-06-02 04:39:25.633] [blockchain] [info] Node Status - Height: 1, Peers: 0, Mempool: 0
[2025-06-02 04:40:25.641] [blockchain] [debug] Blockchain saved to file
[2025-06-02 04:40:25.641] [blockchain] [info] Node Status - Height: 1, Peers: 0, Mempool: 0
[2025-06-02 04:41:25.649] [blockchain] [info] Node Status - Height: 1, Peers: 0, Mempool: 0
[2025-06-02 04:42:25.656] [blockchain] [info] Node Status - Height: 1, Peers: 0, Mempool: 0
[2025-06-02 04:43:25.664] [blockchain] [info] Node Status - Height: 1, Peers: 0, Mempool: 0
[2025-06-02 04:44:25.671] [blockchain] [info] Node Status - Height: 1, Peers: 0, Mempool: 0
[2025-06-02 04:45:25.679] [blockchain] [debug] Blockchain saved to file
[2025-06-02 04:45:25.679] [blockchain] [info] Node Status - Height: 1, Peers: 0, Mempool: 0
[2025-06-02 04:46:25.686] [blockchain] [info] Node Status - Height: 1, Peers: 0, Mempool: 0
[2025-06-02 04:47:25.694] [blockchain] [info] Node Status - Height: 1, Peers: 0, Mempool: 0
[2025-06-02 04:48:25.701] [blockchain] [info] Node Status - Height: 1, Peers: 0, Mempool: 0
[2025-06-02 04:49:25.709] [blockchain] [info] Node Status - Height: 1, Peers: 0, Mempool: 0
[2025-06-02 04:50:25.717] [blockchain] [debug] Blockchain saved to file
[2025-06-02 04:50:25.717] [blockchain] [info] Node Status - Height: 1, Peers: 0, Mempool: 0
[2025-06-02 04:51:25.724] [blockchain] [info] Node Status - Height: 1, Peers: 0, Mempool: 0
[2025-06-02 04:52:25.730] [blockchain] [info] Node Status - Height: 1, Peers: 0, Mempool: 0
[2025-06-02 04:53:25.739] [blockchain] [info] Node Status - Height: 1, Peers: 0, Mempool: 0
[2025-06-02 04:54:25.746] [blockchain] [info] Node Status - Height: 1, Peers: 0, Mempool: 0
[2025-06-02 04:55:25.753] [blockchain] [debug] Blockchain saved to file
[2025-06-02 04:55:25.753] [blockchain] [info] Node Status - Height: 1, Peers: 0, Mempool: 0
[2025-06-02 04:56:25.760] [blockchain] [info] Node Status - Height: 1, Peers: 0, Mempool: 0
[2025-06-02 04:57:25.768] [blockchain] [info] Node Status - Height: 1, Peers: 0, Mempool: 0
[2025-06-02 04:58:25.775] [blockchain] [info] Node Status - Height: 1, Peers: 0, Mempool: 0
[2025-06-02 04:59:25.782] [blockchain] [info] Node Status - Height: 1, Peers: 0, Mempool: 0
[2025-06-02 05:00:25.789] [blockchain] [debug] Blockchain saved to file
[2025-06-02 05:00:25.789] [blockchain] [info] Node Status - Height: 1, Peers: 0, Mempool: 0
[2025-06-02 05:01:25.797] [blockchain] [info] Node Status - Height: 1, Peers: 0, Mempool: 0
[2025-06-02 05:02:25.805] [blockchain] [info] Node Status - Height: 1, Peers: 0, Mempool: 0
[2025-06-02 05:03:25.813] [blockchain] [info] Node Status - Height: 1, Peers: 0, Mempool: 0
[2025-06-02 05:04:25.820] [blockchain] [info] Node Status - Height: 1, Peers: 0, Mempool: 0
[2025-06-02 05:05:25.828] [blockchain] [debug] Blockchain saved to file
[2025-06-02 05:05:25.828] [blockchain] [info] Node Status - Height: 1, Peers: 0, Mempool: 0
[2025-06-02 05:06:25.834] [blockchain] [info] Node Status - Height: 1, Peers: 0, Mempool: 0
[2025-06-02 05:07:25.842] [blockchain] [info] Node Status - Height: 1, Peers: 0, Mempool: 0
[2025-06-02 05:08:25.849] [blockchain] [info] Node Status - Height: 1, Peers: 0, Mempool: 0
[2025-06-02 05:09:25.856] [blockchain] [info] Node Status - Height: 1, Peers: 0, Mempool: 0
[2025-06-02 05:10:25.863] [blockchain] [debug] Blockchain saved to file
[2025-06-02 05:10:25.863] [blockchain] [info] Node Status - Height: 1, Peers: 0, Mempool: 0
[2025-06-02 05:11:25.870] [blockchain] [info] Node Status - Height: 1, Peers: 0, Mempool: 0
[2025-06-02 05:12:25.877] [blockchain] [info] Node Status - Height: 1, Peers: 0, Mempool: 0
[2025-06-02 05:13:25.885] [blockchain] [info] Node Status - Height: 1, Peers: 0, Mempool: 0
[2025-06-02 05:14:25.891] [blockchain] [info] Node Status - Height: 1, Peers: 0, Mempool: 0
[2025-06-02 05:15:25.899] [blockchain] [debug] Blockchain saved to file
[2025-06-02 05:15:25.899] [blockchain] [info] Node Status - Height: 1, Peers: 0, Mempool: 0
[2025-06-02 05:16:25.906] [blockchain] [info] Node Status - Height: 1, Peers: 0, Mempool: 0
[2025-06-02 05:17:25.913] [blockchain] [info] Node Status - Height: 1, Peers: 0, Mempool: 0
[2025-06-02 05:18:25.920] [blockchain] [info] Node Status - Height: 1, Peers: 0, Mempool: 0
[2025-06-02 05:19:25.927] [blockchain] [info] Node Status - Height: 1, Peers: 0, Mempool: 0
[2025-06-02 05:20:25.934] [blockchain] [debug] Blockchain saved to file
[2025-06-02 05:20:25.934] [blockchain] [info] Node Status - Height: 1, Peers: 0, Mempool: 0
[2025-06-02 05:21:25.942] [blockchain] [info] Node Status - Height: 1, Peers: 0, Mempool: 0
[2025-06-02 05:22:25.950] [blockchain] [info] Node Status - Height: 1, Peers: 0, Mempool: 0
[2025-06-02 05:23:25.957] [blockchain] [info] Node Status - Height: 1, Peers: 0, Mempool: 0
[2025-06-02 05:24:25.963] [blockchain] [info] Node Status - Height: 1, Peers: 0, Mempool: 0
[2025-06-02 05:25:25.969] [blockchain] [debug] Blockchain saved to file
[2025-06-02 05:25:25.969] [blockchain] [info] Node Status - Height: 1, Peers: 0, Mempool: 0
[2025-06-02 05:26:25.976] [blockchain] [info] Node Status - Height: 1, Peers: 0, Mempool: 0
[2025-06-02 05:27:25.984] [blockchain] [info] Node Status - Height: 1, Peers: 0, Mempool: 0
[2025-06-02 05:28:25.990] [blockchain] [info] Node Status - Height: 1, Peers: 0, Mempool: 0
[2025-06-02 05:29:25.998] [blockchain] [info] Node Status - Height: 1, Peers: 0, Mempool: 0
[2025-06-02 05:30:26.006] [blockchain] [debug] Blockchain saved to file
[2025-06-02 05:30:26.006] [blockchain] [info] Node Status - Height: 1, Peers: 0, Mempool: 0
[2025-06-02 05:31:26.013] [blockchain] [info] Node Status - Height: 1, Peers: 0, Mempool: 0
[2025-06-02 05:32:26.021] [blockchain] [info] Node Status - Height: 1, Peers: 0, Mempool: 0
[2025-06-02 05:33:26.028] [blockchain] [info] Node Status - Height: 1, Peers: 0, Mempool: 0
[2025-06-02 05:34:26.035] [blockchain] [info] Node Status - Height: 1, Peers: 0, Mempool: 0
[2025-06-02 05:35:26.044] [blockchain] [debug] Blockchain saved to file
[2025-06-02 05:35:26.044] [blockchain] [info] Node Status - Height: 1, Peers: 0, Mempool: 0
[2025-06-02 05:36:26.051] [blockchain] [info] Node Status - Height: 1, Peers: 0, Mempool: 0
[2025-06-02 05:37:26.059] [blockchain] [info] Node Status - Height: 1, Peers: 0, Mempool: 0
[2025-06-02 05:38:26.066] [blockchain] [info] Node Status - Height: 1, Peers: 0, Mempool: 0
[2025-06-02 05:39:26.073] [blockchain] [info] Node Status - Height: 1, Peers: 0, Mempool: 0
[2025-06-02 05:40:26.080] [blockchain] [debug] Blockchain saved to file
[2025-06-02 05:40:26.080] [blockchain] [info] Node Status - Height: 1, Peers: 0, Mempool: 0
[2025-06-02 05:41:26.087] [blockchain] [info] Node Status - Height: 1, Peers: 0, Mempool: 0
[2025-06-02 05:42:26.094] [blockchain] [info] Node Status - Height: 1, Peers: 0, Mempool: 0
[2025-06-02 05:43:26.102] [blockchain] [info] Node Status - Height: 1, Peers: 0, Mempool: 0
[2025-06-02 05:44:26.110] [blockchain] [info] Node Status - Height: 1, Peers: 0, Mempool: 0
[2025-06-02 05:45:26.118] [blockchain] [debug] Blockchain saved to file
[2025-06-02 05:45:26.118] [blockchain] [info] Node Status - Height: 1, Peers: 0, Mempool: 0
[2025-06-02 05:46:26.125] [blockchain] [info] Node Status - Height: 1, Peers: 0, Mempool: 0
[2025-06-02 05:47:26.131] [blockchain] [info] Node Status - Height: 1, Peers: 0, Mempool: 0
[2025-06-02 05:48:26.138] [blockchain] [info] Node Status - Height: 1, Peers: 0, Mempool: 0
[2025-06-02 05:49:26.146] [blockchain] [info] Node Status - Height: 1, Peers: 0, Mempool: 0
[2025-06-02 05:50:26.153] [blockchain] [debug] Blockchain saved to file
[2025-06-02 05:50:26.153] [blockchain] [info] Node Status - Height: 1, Peers: 0, Mempool: 0
[2025-06-02 05:51:26.161] [blockchain] [info] Node Status - Height: 1, Peers: 0, Mempool: 0
[2025-06-02 05:52:26.169] [blockchain] [info] Node Status - Height: 1, Peers: 0, Mempool: 0
[2025-06-02 05:53:26.175] [blockchain] [info] Node Status - Height: 1, Peers: 0, Mempool: 0
[2025-06-02 05:54:26.182] [blockchain] [info] Node Status - Height: 1, Peers: 0, Mempool: 0
[2025-06-02 05:55:26.189] [blockchain] [debug] Blockchain saved to file
[2025-06-02 05:55:26.189] [blockchain] [info] Node Status - Height: 1, Peers: 0, Mempool: 0
[2025-06-02 05:56:26.196] [blockchain] [info] Node Status - Height: 1, Peers: 0, Mempool: 0
[2025-06-02 05:57:26.202] [blockchain] [info] Node Status - Height: 1, Peers: 0, Mempool: 0
[2025-06-02 05:58:26.208] [blockchain] [info] Node Status - Height: 1, Peers: 0, Mempool: 0
[2025-06-02 05:59:26.215] [blockchain] [info] Node Status - Height: 1, Peers: 0, Mempool: 0
[2025-06-02 06:00:26.223] [blockchain] [debug] Blockchain saved to file
[2025-06-02 06:00:26.223] [blockchain] [info] Node Status - Height: 1, Peers: 0, Mempool: 0
[2025-06-02 06:01:26.230] [blockchain] [info] Node Status - Height: 1, Peers: 0, Mempool: 0
[2025-06-02 06:02:26.237] [blockchain] [info] Node Status - Height: 1, Peers: 0, Mempool: 0
[2025-06-02 06:03:26.244] [blockchain] [info] Node Status - Height: 1, Peers: 0, Mempool: 0
[2025-06-02 06:04:26.251] [blockchain] [info] Node Status - Height: 1, Peers: 0, Mempool: 0
[2025-06-02 06:05:26.259] [blockchain] [debug] Blockchain saved to file
[2025-06-02 06:05:26.259] [blockchain] [info] Node Status - Height: 1, Peers: 0, Mempool: 0
[2025-06-02 06:06:26.266] [blockchain] [info] Node Status - Height: 1, Peers: 0, Mempool: 0
[2025-06-02 06:07:26.274] [blockchain] [info] Node Status - Height: 1, Peers: 0, Mempool: 0
[2025-06-02 06:08:26.281] [blockchain] [info] Node Status - Height: 1, Peers: 0, Mempool: 0
[2025-06-02 06:09:26.289] [blockchain] [info] Node Status - Height: 1, Peers: 0, Mempool: 0
[2025-06-02 06:10:26.297] [blockchain] [debug] Blockchain saved to file
[2025-06-02 06:10:26.297] [blockchain] [info] Node Status - Height: 1, Peers: 0, Mempool: 0
[2025-06-02 06:11:26.303] [blockchain] [info] Node Status - Height: 1, Peers: 0, Mempool: 0
[2025-06-02 06:12:26.311] [blockchain] [info] Node Status - Height: 1, Peers: 0, Mempool: 0
[2025-06-02 06:13:26.319] [blockchain] [info] Node Status - Height: 1, Peers: 0, Mempool: 0
[2025-06-02 06:14:26.327] [blockchain] [info] Node Status - Height: 1, Peers: 0, Mempool: 0
[2025-06-02 06:15:26.335] [blockchain] [debug] Blockchain saved to file
[2025-06-02 06:15:26.335] [blockchain] [info] Node Status - Height: 1, Peers: 0, Mempool: 0
[2025-06-02 06:16:26.342] [blockchain] [info] Node Status - Height: 1, Peers: 0, Mempool: 0
[2025-06-02 06:17:26.349] [blockchain] [info] Node Status - Height: 1, Peers: 0, Mempool: 0
[2025-06-02 06:18:26.356] [blockchain] [info] Node Status - Height: 1, Peers: 0, Mempool: 0
[2025-06-02 06:19:26.363] [blockchain] [info] Node Status - Height: 1, Peers: 0, Mempool: 0
[2025-06-02 06:20:26.371] [blockchain] [debug] Blockchain saved to file
[2025-06-02 06:20:26.371] [blockchain] [info] Node Status - Height: 1, Peers: 0, Mempool: 0
[2025-06-02 06:21:26.378] [blockchain] [info] Node Status - Height: 1, Peers: 0, Mempool: 0
[2025-06-02 06:22:26.386] [blockchain] [info] Node Status - Height: 1, Peers: 0, Mempool: 0
[2025-06-02 06:23:26.394] [blockchain] [info] Node Status - Height: 1, Peers: 0, Mempool: 0
[2025-06-02 06:24:26.401] [blockchain] [info] Node Status - Height: 1, Peers: 0, Mempool: 0
[2025-06-02 06:25:26.410] [blockchain] [debug] Blockchain saved to file
[2025-06-02 06:25:26.410] [blockchain] [info] Node Status - Height: 1, Peers: 0, Mempool: 0
[2025-06-02 06:26:26.416] [blockchain] [info] Node Status - Height: 1, Peers: 0, Mempool: 0
[2025-06-02 06:27:26.424] [blockchain] [info] Node Status - Height: 1, Peers: 0, Mempool: 0
[2025-06-02 06:28:26.431] [blockchain] [info] Node Status - Height: 1, Peers: 0, Mempool: 0
[2025-06-02 06:29:26.438] [blockchain] [info] Node Status - Height: 1, Peers: 0, Mempool: 0
[2025-06-02 06:30:26.447] [blockchain] [debug] Blockchain saved to file
[2025-06-02 06:30:26.447] [blockchain] [info] Node Status - Height: 1, Peers: 0, Mempool: 0
[2025-06-02 06:31:26.454] [blockchain] [info] Node Status - Height: 1, Peers: 0, Mempool: 0
[2025-06-02 06:32:26.462] [blockchain] [info] Node Status - Height: 1, Peers: 0, Mempool: 0
[2025-06-02 06:33:26.470] [blockchain] [info] Node Status - Height: 1, Peers: 0, Mempool: 0
[2025-06-02 06:34:26.478] [blockchain] [info] Node Status - Height: 1, Peers: 0, Mempool: 0
[2025-06-02 06:35:26.486] [blockchain] [debug] Blockchain saved to file
[2025-06-02 06:35:26.486] [blockchain] [info] Node Status - Height: 1, Peers: 0, Mempool: 0
[2025-06-02 06:36:26.493] [blockchain] [info] Node Status - Height: 1, Peers: 0, Mempool: 0
[2025-06-02 06:37:26.500] [blockchain] [info] Node Status - Height: 1, Peers: 0, Mempool: 0
[2025-06-02 06:38:26.508] [blockchain] [info] Node Status - Height: 1, Peers: 0, Mempool: 0
[2025-06-02 06:39:26.515] [blockchain] [info] Node Status - Height: 1, Peers: 0, Mempool: 0
[2025-06-02 06:40:26.522] [blockchain] [debug] Blockchain saved to file
[2025-06-02 06:40:26.522] [blockchain] [info] Node Status - Height: 1, Peers: 0, Mempool: 0
[2025-06-02 06:41:26.529] [blockchain] [info] Node Status - Height: 1, Peers: 0, Mempool: 0
[2025-06-02 06:42:26.536] [blockchain] [info] Node Status - Height: 1, Peers: 0, Mempool: 0
[2025-06-02 06:43:26.542] [blockchain] [info] Node Status - Height: 1, Peers: 0, Mempool: 0
[2025-06-02 06:44:26.549] [blockchain] [info] Node Status - Height: 1, Peers: 0, Mempool: 0
[2025-06-02 06:45:26.555] [blockchain] [debug] Blockchain saved to file
[2025-06-02 06:45:26.555] [blockchain] [info] Node Status - Height: 1, Peers: 0, Mempool: 0
[2025-06-02 06:46:26.563] [blockchain] [info] Node Status - Height: 1, Peers: 0, Mempool: 0
[2025-06-02 06:47:26.570] [blockchain] [info] Node Status - Height: 1, Peers: 0, Mempool: 0
[2025-06-02 06:48:26.578] [blockchain] [info] Node Status - Height: 1, Peers: 0, Mempool: 0
[2025-06-02 06:49:26.585] [blockchain] [info] Node Status - Height: 1, Peers: 0, Mempool: 0
[2025-06-02 06:50:26.593] [blockchain] [debug] Blockchain saved to file
[2025-06-02 06:50:26.593] [blockchain] [info] Node Status - Height: 1, Peers: 0, Mempool: 0
[2025-06-02 06:51:26.601] [blockchain] [info] Node Status - Height: 1, Peers: 0, Mempool: 0
[2025-06-02 06:52:26.609] [blockchain] [info] Node Status - Height: 1, Peers: 0, Mempool: 0
[2025-06-02 06:53:26.617] [blockchain] [info] Node Status - Height: 1, Peers: 0, Mempool: 0
[2025-06-02 06:54:26.625] [blockchain] [info] Node Status - Height: 1, Peers: 0, Mempool: 0
[2025-06-02 06:55:26.632] [blockchain] [debug] Blockchain saved to file
[2025-06-02 06:55:26.632] [blockchain] [info] Node Status - Height: 1, Peers: 0, Mempool: 0
[2025-06-02 06:56:26.640] [blockchain] [info] Node Status - Height: 1, Peers: 0, Mempool: 0
[2025-06-02 06:57:26.648] [blockchain] [info] Node Status - Height: 1, Peers: 0, Mempool: 0
[2025-06-02 06:58:26.655] [blockchain] [info] Node Status - Height: 1, Peers: 0, Mempool: 0
[2025-06-02 06:59:26.662] [blockchain] [info] Node Status - Height: 1, Peers: 0, Mempool: 0
[2025-06-02 07:00:26.670] [blockchain] [debug] Blockchain saved to file
[2025-06-02 07:00:26.670] [blockchain] [info] Node Status - Height: 1, Peers: 0, Mempool: 0
[2025-06-02 07:01:26.678] [blockchain] [info] Node Status - Height: 1, Peers: 0, Mempool: 0
[2025-06-02 07:02:26.686] [blockchain] [info] Node Status - Height: 1, Peers: 0, Mempool: 0
[2025-06-02 07:03:26.693] [blockchain] [info] Node Status - Height: 1, Peers: 0, Mempool: 0
[2025-06-02 07:04:26.701] [blockchain] [info] Node Status - Height: 1, Peers: 0, Mempool: 0
[2025-06-02 07:05:26.708] [blockchain] [debug] Blockchain saved to file
[2025-06-02 07:05:26.708] [blockchain] [info] Node Status - Height: 1, Peers: 0, Mempool: 0
[2025-06-02 07:06:26.714] [blockchain] [info] Node Status - Height: 1, Peers: 0, Mempool: 0
[2025-06-02 07:07:26.722] [blockchain] [info] Node Status - Height: 1, Peers: 0, Mempool: 0
[2025-06-02 07:08:26.729] [blockchain] [info] Node Status - Height: 1, Peers: 0, Mempool: 0
[2025-06-02 07:09:26.737] [blockchain] [info] Node Status - Height: 1, Peers: 0, Mempool: 0
[2025-06-02 07:10:26.745] [blockchain] [debug] Blockchain saved to file
[2025-06-02 07:10:26.745] [blockchain] [info] Node Status - Height: 1, Peers: 0, Mempool: 0
[2025-06-02 07:11:26.753] [blockchain] [info] Node Status - Height: 1, Peers: 0, Mempool: 0
[2025-06-02 07:12:26.760] [blockchain] [info] Node Status - Height: 1, Peers: 0, Mempool: 0
[2025-06-02 07:13:26.767] [blockchain] [info] Node Status - Height: 1, Peers: 0, Mempool: 0
[2025-06-02 07:14:26.773] [blockchain] [info] Node Status - Height: 1, Peers: 0, Mempool: 0
[2025-06-02 07:15:26.780] [blockchain] [debug] Blockchain saved to file
[2025-06-02 07:15:26.780] [blockchain] [info] Node Status - Height: 1, Peers: 0, Mempool: 0
[2025-06-02 07:16:26.786] [blockchain] [info] Node Status - Height: 1, Peers: 0, Mempool: 0
[2025-06-02 07:17:26.791] [blockchain] [info] Node Status - Height: 1, Peers: 0, Mempool: 0
[2025-06-02 07:18:26.796] [blockchain] [info] Node Status - Height: 1, Peers: 0, Mempool: 0
[2025-06-02 07:19:26.801] [blockchain] [info] Node Status - Height: 1, Peers: 0, Mempool: 0
[2025-06-02 07:20:26.806] [blockchain] [debug] Blockchain saved to file
[2025-06-02 07:20:26.806] [blockchain] [info] Node Status - Height: 1, Peers: 0, Mempool: 0
[2025-06-02 07:21:26.811] [blockchain] [info] Node Status - Height: 1, Peers: 0, Mempool: 0
[2025-06-02 07:22:26.817] [blockchain] [info] Node Status - Height: 1, Peers: 0, Mempool: 0
[2025-06-02 07:23:26.823] [blockchain] [info] Node Status - Height: 1, Peers: 0, Mempool: 0
[2025-06-02 07:24:26.830] [blockchain] [info] Node Status - Height: 1, Peers: 0, Mempool: 0
[2025-06-02 07:25:26.837] [blockchain] [debug] Blockchain saved to file
[2025-06-02 07:25:26.837] [blockchain] [info] Node Status - Height: 1, Peers: 0, Mempool: 0
[2025-06-02 07:26:26.843] [blockchain] [info] Node Status - Height: 1, Peers: 0, Mempool: 0
[2025-06-02 07:27:26.849] [blockchain] [info] Node Status - Height: 1, Peers: 0, Mempool: 0
[2025-06-02 07:28:26.857] [blockchain] [info] Node Status - Height: 1, Peers: 0, Mempool: 0
[2025-06-02 07:29:26.863] [blockchain] [info] Node Status - Height: 1, Peers: 0, Mempool: 0
[2025-06-02 07:30:26.868] [blockchain] [debug] Blockchain saved to file
[2025-06-02 07:30:26.868] [blockchain] [info] Node Status - Height: 1, Peers: 0, Mempool: 0
[2025-06-02 07:31:26.874] [blockchain] [info] Node Status - Height: 1, Peers: 0, Mempool: 0
[2025-06-02 07:32:26.881] [blockchain] [info] Node Status - Height: 1, Peers: 0, Mempool: 0
[2025-06-02 07:33:26.886] [blockchain] [info] Node Status - Height: 1, Peers: 0, Mempool: 0
[2025-06-02 07:34:26.892] [blockchain] [info] Node Status - Height: 1, Peers: 0, Mempool: 0
[2025-06-02 07:35:26.899] [blockchain] [debug] Blockchain saved to file
[2025-06-02 07:35:26.899] [blockchain] [info] Node Status - Height: 1, Peers: 0, Mempool: 0
[2025-06-02 07:36:26.907] [blockchain] [info] Node Status - Height: 1, Peers: 0, Mempool: 0
[2025-06-02 07:37:26.913] [blockchain] [info] Node Status - Height: 1, Peers: 0, Mempool: 0
[2025-06-02 07:38:26.919] [blockchain] [info] Node Status - Height: 1, Peers: 0, Mempool: 0
[2025-06-02 07:39:26.924] [blockchain] [info] Node Status - Height: 1, Peers: 0, Mempool: 0
[2025-06-02 07:40:26.930] [blockchain] [debug] Blockchain saved to file
[2025-06-02 07:40:26.930] [blockchain] [info] Node Status - Height: 1, Peers: 0, Mempool: 0
[2025-06-02 07:41:26.935] [blockchain] [info] Node Status - Height: 1, Peers: 0, Mempool: 0
[2025-06-02 07:42:26.940] [blockchain] [info] Node Status - Height: 1, Peers: 0, Mempool: 0
[2025-06-02 07:43:26.947] [blockchain] [info] Node Status - Height: 1, Peers: 0, Mempool: 0
[2025-06-02 07:44:26.954] [blockchain] [info] Node Status - Height: 1, Peers: 0, Mempool: 0
[2025-06-02 07:45:26.960] [blockchain] [debug] Blockchain saved to file
[2025-06-02 07:45:26.960] [blockchain] [info] Node Status - Height: 1, Peers: 0, Mempool: 0
[2025-06-02 07:46:26.967] [blockchain] [info] Node Status - Height: 1, Peers: 0, Mempool: 0
[2025-06-02 07:47:26.974] [blockchain] [info] Node Status - Height: 1, Peers: 0, Mempool: 0
[2025-06-02 07:48:26.980] [blockchain] [info] Node Status - Height: 1, Peers: 0, Mempool: 0
[2025-06-02 07:49:26.987] [blockchain] [info] Node Status - Height: 1, Peers: 0, Mempool: 0
[2025-06-02 07:50:26.992] [blockchain] [debug] Blockchain saved to file
[2025-06-02 07:50:26.992] [blockchain] [info] Node Status - Height: 1, Peers: 0, Mempool: 0
[2025-06-02 07:51:26.999] [blockchain] [info] Node Status - Height: 1, Peers: 0, Mempool: 0
[2025-06-02 07:52:27.005] [blockchain] [info] Node Status - Height: 1, Peers: 0, Mempool: 0
[2025-06-02 07:53:27.013] [blockchain] [info] Node Status - Height: 1, Peers: 0, Mempool: 0
[2025-06-02 07:54:27.021] [blockchain] [info] Node Status - Height: 1, Peers: 0, Mempool: 0
[2025-06-02 07:55:27.027] [blockchain] [debug] Blockchain saved to file
[2025-06-02 07:55:27.027] [blockchain] [info] Node Status - Height: 1, Peers: 0, Mempool: 0
[2025-06-02 07:56:27.033] [blockchain] [info] Node Status - Height: 1, Peers: 0, Mempool: 0
[2025-06-02 07:57:27.038] [blockchain] [info] Node Status - Height: 1, Peers: 0, Mempool: 0
[2025-06-02 07:58:27.045] [blockchain] [info] Node Status - Height: 1, Peers: 0, Mempool: 0
[2025-06-02 07:59:27.051] [blockchain] [info] Node Status - Height: 1, Peers: 0, Mempool: 0
[2025-06-02 08:00:27.057] [blockchain] [debug] Blockchain saved to file
[2025-06-02 08:00:27.057] [blockchain] [info] Node Status - Height: 1, Peers: 0, Mempool: 0
[2025-06-02 08:01:27.064] [blockchain] [info] Node Status - Height: 1, Peers: 0, Mempool: 0
[2025-06-02 08:02:27.070] [blockchain] [info] Node Status - Height: 1, Peers: 0, Mempool: 0
[2025-06-02 08:03:27.077] [blockchain] [info] Node Status - Height: 1, Peers: 0, Mempool: 0
[2025-06-02 08:04:27.083] [blockchain] [info] Node Status - Height: 1, Peers: 0, Mempool: 0
[2025-06-02 08:05:27.089] [blockchain] [debug] Blockchain saved to file
[2025-06-02 08:05:27.089] [blockchain] [info] Node Status - Height: 1, Peers: 0, Mempool: 0
[2025-06-02 08:06:27.095] [blockchain] [info] Node Status - Height: 1, Peers: 0, Mempool: 0
[2025-06-02 08:07:27.102] [blockchain] [info] Node Status - Height: 1, Peers: 0, Mempool: 0
[2025-06-02 08:08:27.107] [blockchain] [info] Node Status - Height: 1, Peers: 0, Mempool: 0
[2025-06-02 08:09:27.112] [blockchain] [info] Node Status - Height: 1, Peers: 0, Mempool: 0
[2025-06-02 08:10:27.118] [blockchain] [debug] Blockchain saved to file
[2025-06-02 08:10:27.118] [blockchain] [info] Node Status - Height: 1, Peers: 0, Mempool: 0
[2025-06-02 08:11:27.122] [blockchain] [info] Node Status - Height: 1, Peers: 0, Mempool: 0
[2025-06-02 08:12:27.128] [blockchain] [info] Node Status - Height: 1, Peers: 0, Mempool: 0
[2025-06-02 08:13:27.135] [blockchain] [info] Node Status - Height: 1, Peers: 0, Mempool: 0
[2025-06-02 08:14:27.142] [blockchain] [info] Node Status - Height: 1, Peers: 0, Mempool: 0
[2025-06-02 08:15:27.147] [blockchain] [debug] Blockchain saved to file
[2025-06-02 08:15:27.147] [blockchain] [info] Node Status - Height: 1, Peers: 0, Mempool: 0
[2025-06-02 08:16:27.152] [blockchain] [info] Node Status - Height: 1, Peers: 0, Mempool: 0
[2025-06-02 08:17:27.159] [blockchain] [info] Node Status - Height: 1, Peers: 0, Mempool: 0
[2025-06-02 08:18:27.166] [blockchain] [info] Node Status - Height: 1, Peers: 0, Mempool: 0
[2025-06-02 08:19:27.173] [blockchain] [info] Node Status - Height: 1, Peers: 0, Mempool: 0
[2025-06-02 08:20:27.178] [blockchain] [debug] Blockchain saved to file
[2025-06-02 08:20:27.179] [blockchain] [info] Node Status - Height: 1, Peers: 0, Mempool: 0
[2025-06-02 08:21:27.185] [blockchain] [info] Node Status - Height: 1, Peers: 0, Mempool: 0
[2025-06-02 08:22:27.190] [blockchain] [info] Node Status - Height: 1, Peers: 0, Mempool: 0
[2025-06-02 08:23:27.196] [blockchain] [info] Node Status - Height: 1, Peers: 0, Mempool: 0
[2025-06-02 08:24:27.201] [blockchain] [info] Node Status - Height: 1, Peers: 0, Mempool: 0
[2025-06-02 08:25:27.207] [blockchain] [debug] Blockchain saved to file
[2025-06-02 08:25:27.207] [blockchain] [info] Node Status - Height: 1, Peers: 0, Mempool: 0
[2025-06-02 08:26:27.212] [blockchain] [info] Node Status - Height: 1, Peers: 0, Mempool: 0
[2025-06-02 08:27:27.219] [blockchain] [info] Node Status - Height: 1, Peers: 0, Mempool: 0
[2025-06-02 08:28:27.226] [blockchain] [info] Node Status - Height: 1, Peers: 0, Mempool: 0
[2025-06-02 08:29:27.233] [blockchain] [info] Node Status - Height: 1, Peers: 0, Mempool: 0
[2025-06-02 08:30:27.240] [blockchain] [debug] Blockchain saved to file
[2025-06-02 08:30:27.240] [blockchain] [info] Node Status - Height: 1, Peers: 0, Mempool: 0
[2025-06-02 08:31:27.247] [blockchain] [info] Node Status - Height: 1, Peers: 0, Mempool: 0
[2025-06-02 08:32:27.253] [blockchain] [info] Node Status - Height: 1, Peers: 0, Mempool: 0
[2025-06-02 08:33:27.260] [blockchain] [info] Node Status - Height: 1, Peers: 0, Mempool: 0
[2025-06-02 08:34:27.267] [blockchain] [info] Node Status - Height: 1, Peers: 0, Mempool: 0
[2025-06-02 08:35:27.275] [blockchain] [debug] Blockchain saved to file
[2025-06-02 08:35:27.275] [blockchain] [info] Node Status - Height: 1, Peers: 0, Mempool: 0
[2025-06-02 08:36:27.282] [blockchain] [info] Node Status - Height: 1, Peers: 0, Mempool: 0
[2025-06-02 08:37:27.288] [blockchain] [info] Node Status - Height: 1, Peers: 0, Mempool: 0
[2025-06-02 08:38:27.294] [blockchain] [info] Node Status - Height: 1, Peers: 0, Mempool: 0
[2025-06-02 08:39:27.299] [blockchain] [info] Node Status - Height: 1, Peers: 0, Mempool: 0
[2025-06-02 08:40:27